<?xml version="1.0" encoding="UTF-8"?>
<testsuite xmlns:xsi="http://www.w3.org/2001/XMLSchema-instance" xsi:noNamespaceSchemaLocation="https://maven.apache.org/surefire/maven-surefire-plugin/xsd/surefire-test-report-3.0.xsd" version="3.0" name="com.internship.tool.controller.IncidentControllerTest" time="7.277" tests="5" errors="0" skipped="0" failures="0">
  <properties>
[...]
</properties>
  <testcase name="testUpdateIncident" classname="com.internship.tool.controller.IncidentControllerTest" time="0.897">
    <system-out><![CDATA[20:21:46.799 [main] INFO org.springframework.test.context.support.AnnotationConfigContextLoaderUtils -- Could not detect default configuration classes for test class [com.internship.tool.controller.IncidentControllerTest]: IncidentControllerTest does not declare any static, non-private, non-final, nested classes annotated with @Configuration.
20:21:46.929 [main] INFO org.springframework.boot.test.context.SpringBootTestContextBootstrapper -- Found @SpringBootConfiguration com.internship.tool.ToolApplication for test class com.internship.tool.controller.IncidentControllerTest

  .   ____          _            __ _ _
 /\\ / ___'_ __ _ _(_)_ __  __ _ \ \ \ \
( ( )\___ | '_ | '_| | '_ \/ _` | \ \ \ \
 \\/  ___)| |_)| | | | | || (_| |  ) ) ) )
  '  |____| .__|_| |_|_| |_\__, | / / / /
 =========|_|==============|___/=/_/_/_/
 :: Spring Boot ::                (v3.2.5)

2026-05-07T20:21:47.359+05:30  INFO 1976 --- [           main] c.i.t.controller.IncidentControllerTest  : Starting IncidentControllerTest using Java 17.0.19 with PID 1976 (started by Vishwas Bhaari in D:\Users\vishw\Desktop\incident-response-orchestrator\incident-response-orchestrator\backend)
2026-05-07T20:21:47.360+05:30  INFO 1976 --- [           main] c.i.t.controller.IncidentControllerTest  : No active profile set, falling back to 1 default profile: "default"
2026-05-07T20:21:48.084+05:30  INFO 1976 --- [           main] .s.d.r.c.RepositoryConfigurationDelegate : Bootstrapping Spring Data JPA repositories in DEFAULT mode.
2026-05-07T20:21:48.151+05:30  INFO 1976 --- [           main] .s.d.r.c.RepositoryConfigurationDelegate : Finished Spring Data repository scanning in 56 ms. Found 3 JPA repository interfaces.
2026-05-07T20:21:48.717+05:30  INFO 1976 --- [           main] com.zaxxer.hikari.HikariDataSource       : HikariPool-1 - Starting...
2026-05-07T20:21:48.999+05:30  INFO 1976 --- [           main] com.zaxxer.hikari.pool.HikariPool        : HikariPool-1 - Added connection org.postgresql.jdbc.PgConnection@120aa40b
2026-05-07T20:21:49.002+05:30  INFO 1976 --- [           main] com.zaxxer.hikari.HikariDataSource       : HikariPool-1 - Start completed.
2026-05-07T20:21:49.089+05:30  INFO 1976 --- [           main] o.f.c.internal.license.VersionPrinter    : Flyway Community Edition 9.22.3 by Redgate
2026-05-07T20:21:49.090+05:30  INFO 1976 --- [           main] o.f.c.internal.license.VersionPrinter    : See release notes here: https://rd.gt/416ObMi
2026-05-07T20:21:49.090+05:30  INFO 1976 --- [           main] o.f.c.internal.license.VersionPrinter    : 
2026-05-07T20:21:49.105+05:30  INFO 1976 --- [           main] org.flywaydb.core.FlywayExecutor         : Database: jdbc:postgresql://localhost:5432/tooldb (PostgreSQL 16.9)
2026-05-07T20:21:49.111+05:30  WARN 1976 --- [           main] o.f.c.internal.database.base.Database    : Flyway upgrade recommended: PostgreSQL 16.9 is newer than this version of Flyway and support has not been tested. The latest supported version of PostgreSQL is 15.
2026-05-07T20:21:49.169+05:30  INFO 1976 --- [           main] o.f.core.internal.command.DbValidate     : Successfully validated 5 migrations (execution time 00:00.044s)
2026-05-07T20:21:49.187+05:30  INFO 1976 --- [           main] o.f.core.internal.command.DbMigrate      : Current version of schema "public": 4
2026-05-07T20:21:49.205+05:30  INFO 1976 --- [           main] o.f.core.internal.command.DbMigrate      : Migrating schema "public" to version "5 - performance indexes"
2026-05-07T20:21:49.215+05:30  WARN 1976 --- [           main] o.f.c.i.s.DefaultSqlScriptExecutor       : DB: relation "idx_incident_status" already exists, skipping (SQL State: 42P07 - Error Code: 0)
2026-05-07T20:21:49.259+05:30  WARN 1976 --- [           main] o.f.c.i.s.DefaultSqlScriptExecutor       : DB: relation "idx_incident_assigned_to" already exists, skipping (SQL State: 42P07 - Error Code: 0)
2026-05-07T20:21:49.270+05:30  INFO 1976 --- [           main] o.f.core.internal.command.DbMigrate      : Successfully applied 1 migration to schema "public", now at version v5 (execution time 00:00.055s)
2026-05-07T20:21:49.376+05:30  INFO 1976 --- [           main] o.hibernate.jpa.internal.util.LogHelper  : HHH000204: Processing PersistenceUnitInfo [name: default]
2026-05-07T20:21:49.473+05:30  INFO 1976 --- [           main] org.hibernate.Version                    : HHH000412: Hibernate ORM core version 6.4.4.Final
2026-05-07T20:21:49.520+05:30  INFO 1976 --- [           main] o.h.c.internal.RegionFactoryInitiator    : HHH000026: Second-level cache disabled
2026-05-07T20:21:49.812+05:30  INFO 1976 --- [           main] o.s.o.j.p.SpringPersistenceUnitInfo      : No LoadTimeWeaver setup: ignoring JPA class transformer
2026-05-07T20:21:50.886+05:30  INFO 1976 --- [           main] o.h.e.t.j.p.i.JtaPlatformInitiator       : HHH000489: No JTA platform available (set 'hibernate.transaction.jta.platform' to enable JTA platform integration)
2026-05-07T20:21:50.888+05:30  INFO 1976 --- [           main] j.LocalContainerEntityManagerFactoryBean : Initialized JPA EntityManagerFactory for persistence unit 'default'
2026-05-07T20:21:51.344+05:30  INFO 1976 --- [           main] o.s.d.j.r.query.QueryEnhancerFactory     : Hibernate is in classpath; If applicable, HQL parser will be used.
2026-05-07T20:21:51.948+05:30  WARN 1976 --- [           main] JpaBaseConfiguration$JpaWebConfiguration : spring.jpa.open-in-view is enabled by default. Therefore, database queries may be performed during view rendering. Explicitly configure spring.jpa.open-in-view to disable this warning
2026-05-07T20:21:51.995+05:30  WARN 1976 --- [           main] .s.s.UserDetailsServiceAutoConfiguration : 

Using generated security password: 79cff06d-4cc2-43b7-a293-72403fa531e6

This generated password is for development use only. Your security configuration must be updated before running your application in production.

2026-05-07T20:21:52.380+05:30  INFO 1976 --- [           main] o.s.s.web.DefaultSecurityFilterChain     : Will secure any request with [org.springframework.security.web.session.DisableEncodeUrlFilter@68a0a4ae, org.springframework.security.web.context.request.async.WebAsyncManagerIntegrationFilter@426753a6, org.springframework.security.web.context.SecurityContextHolderFilter@42d039ef, org.springframework.security.web.header.HeaderWriterFilter@7b900883, org.springframework.web.filter.CorsFilter@2692910f, org.springframework.security.web.authentication.logout.LogoutFilter@10ac5a14, com.internship.tool.security.JwtAuthFilter@5cd2adc7, org.springframework.security.web.savedrequest.RequestCacheAwareFilter@190a5f74, org.springframework.security.web.servletapi.SecurityContextHolderAwareRequestFilter@48d588dd, org.springframework.security.web.authentication.AnonymousAuthenticationFilter@22816de1, org.springframework.security.web.access.ExceptionTranslationFilter@50cdaf32, org.springframework.security.web.access.intercept.AuthorizationFilter@54c3bae]
2026-05-07T20:21:52.854+05:30  INFO 1976 --- [           main] o.s.b.t.m.w.SpringBootMockServletContext : Initializing Spring TestDispatcherServlet ''
2026-05-07T20:21:52.854+05:30  INFO 1976 --- [           main] o.s.t.web.servlet.TestDispatcherServlet  : Initializing Servlet ''
2026-05-07T20:21:52.855+05:30  INFO 1976 --- [           main] o.s.t.web.servlet.TestDispatcherServlet  : Completed initialization in 1 ms
2026-05-07T20:21:52.878+05:30  INFO 1976 --- [           main] c.i.t.controller.IncidentControllerTest  : Started IncidentControllerTest in 5.799 seconds (process running for 6.741)
2026-05-07T20:21:53.493+05:30 DEBUG 1976 --- [           main] org.hibernate.SQL                        : 
    select
        i1_0.id,
        i1_0.assigned_to,
        i1_0.created_at,
        i1_0.description,
        i1_0.is_deleted,
        i1_0.priority,
        i1_0.status,
        i1_0.title,
        i1_0.updated_at 
    from
        incident i1_0
Hibernate: 
    select
        i1_0.id,
        i1_0.assigned_to,
        i1_0.created_at,
        i1_0.description,
        i1_0.is_deleted,
        i1_0.priority,
        i1_0.status,
        i1_0.title,
        i1_0.updated_at 
    from
        incident i1_0
2026-05-07T20:21:53.534+05:30 DEBUG 1976 --- [           main] org.hibernate.SQL                        : 
    delete 
    from
        incident 
    where
        id=?
Hibernate: 
    delete 
    from
        incident 
    where
        id=?
2026-05-07T20:21:53.554+05:30 DEBUG 1976 --- [           main] org.hibernate.SQL                        : 
    insert 
    into
        incident
        (assigned_to, created_at, description, is_deleted, priority, status, title, updated_at, id) 
    values
        (?, ?, ?, ?, ?, ?, ?, ?, ?)
Hibernate: 
    insert 
    into
        incident
        (assigned_to, created_at, description, is_deleted, priority, status, title, updated_at, id) 
    values
        (?, ?, ?, ?, ?, ?, ?, ?, ?)
2026-05-07T20:21:53.692+05:30 DEBUG 1976 --- [           main] org.hibernate.SQL                        : 
    select
        i1_0.id,
        i1_0.assigned_to,
        i1_0.created_at,
        i1_0.description,
        i1_0.is_deleted,
        i1_0.priority,
        i1_0.status,
        i1_0.title,
        i1_0.updated_at 
    from
        incident i1_0 
    where
        i1_0.id=?
Hibernate: 
    select
        i1_0.id,
        i1_0.assigned_to,
        i1_0.created_at,
        i1_0.description,
        i1_0.is_deleted,
        i1_0.priority,
        i1_0.status,
        i1_0.title,
        i1_0.updated_at 
    from
        incident i1_0 
    where
        i1_0.id=?
2026-05-07T20:21:53.701+05:30 DEBUG 1976 --- [           main] org.hibernate.SQL                        : 
    update
        incident 
    set
        assigned_to=?,
        created_at=?,
        description=?,
        is_deleted=?,
        priority=?,
        status=?,
        title=?,
        updated_at=? 
    where
        id=?
Hibernate: 
    update
        incident 
    set
        assigned_to=?,
        created_at=?,
        description=?,
        is_deleted=?,
        priority=?,
        status=?,
        title=?,
        updated_at=? 
    where
        id=?
]]></system-out>
  </testcase>
  <testcase name="testCreateIncident" classname="com.internship.tool.controller.IncidentControllerTest" time="0.014">
    <system-out><![CDATA[2026-05-07T20:21:53.802+05:30 DEBUG 1976 --- [           main] org.hibernate.SQL                        : 
    select
        i1_0.id,
        i1_0.assigned_to,
        i1_0.created_at,
        i1_0.description,
        i1_0.is_deleted,
        i1_0.priority,
        i1_0.status,
        i1_0.title,
        i1_0.updated_at 
    from
        incident i1_0
Hibernate: 
    select
        i1_0.id,
        i1_0.assigned_to,
        i1_0.created_at,
        i1_0.description,
        i1_0.is_deleted,
        i1_0.priority,
        i1_0.status,
        i1_0.title,
        i1_0.updated_at 
    from
        incident i1_0
2026-05-07T20:21:53.803+05:30 DEBUG 1976 --- [           main] org.hibernate.SQL                        : 
    delete 
    from
        incident 
    where
        id=?
Hibernate: 
    delete 
    from
        incident 
    where
        id=?
2026-05-07T20:21:53.805+05:30 DEBUG 1976 --- [           main] org.hibernate.SQL                        : 
    insert 
    into
        incident
        (assigned_to, created_at, description, is_deleted, priority, status, title, updated_at, id) 
    values
        (?, ?, ?, ?, ?, ?, ?, ?, ?)
Hibernate: 
    insert 
    into
        incident
        (assigned_to, created_at, description, is_deleted, priority, status, title, updated_at, id) 
    values
        (?, ?, ?, ?, ?, ?, ?, ?, ?)
2026-05-07T20:21:53.809+05:30 DEBUG 1976 --- [           main] org.hibernate.SQL                        : 
    insert 
    into
        incident
        (assigned_to, created_at, description, is_deleted, priority, status, title, updated_at, id) 
    values
        (?, ?, ?, ?, ?, ?, ?, ?, ?)
Hibernate: 
    insert 
    into
        incident
        (assigned_to, created_at, description, is_deleted, priority, status, title, updated_at, id) 
    values
        (?, ?, ?, ?, ?, ?, ?, ?, ?)
]]></system-out>
  </testcase>
  <testcase name="testGetAllIncidents" classname="com.internship.tool.controller.IncidentControllerTest" time="0.061">
    <system-out><![CDATA[2026-05-07T20:21:53.817+05:30 DEBUG 1976 --- [           main] org.hibernate.SQL                        : 
    select
        i1_0.id,
        i1_0.assigned_to,
        i1_0.created_at,
        i1_0.description,
        i1_0.is_deleted,
        i1_0.priority,
        i1_0.status,
        i1_0.title,
        i1_0.updated_at 
    from
        incident i1_0
Hibernate: 
    select
        i1_0.id,
        i1_0.assigned_to,
        i1_0.created_at,
        i1_0.description,
        i1_0.is_deleted,
        i1_0.priority,
        i1_0.status,
        i1_0.title,
        i1_0.updated_at 
    from
        incident i1_0
2026-05-07T20:21:53.820+05:30 DEBUG 1976 --- [           main] org.hibernate.SQL                        : 
    delete 
    from
        incident 
    where
        id=?
Hibernate: 
    delete 
    from
        incident 
    where
        id=?
2026-05-07T20:21:53.821+05:30 DEBUG 1976 --- [           main] org.hibernate.SQL                        : 
    delete 
    from
        incident 
    where
        id=?
Hibernate: 
    delete 
    from
        incident 
    where
        id=?
2026-05-07T20:21:53.823+05:30 DEBUG 1976 --- [           main] org.hibernate.SQL                        : 
    insert 
    into
        incident
        (assigned_to, created_at, description, is_deleted, priority, status, title, updated_at, id) 
    values
        (?, ?, ?, ?, ?, ?, ?, ?, ?)
Hibernate: 
    insert 
    into
        incident
        (assigned_to, created_at, description, is_deleted, priority, status, title, updated_at, id) 
    values
        (?, ?, ?, ?, ?, ?, ?, ?, ?)
2026-05-07T20:21:53.849+05:30 DEBUG 1976 --- [           main] org.hibernate.SQL                        : 
    select
        i1_0.id,
        i1_0.assigned_to,
        i1_0.created_at,
        i1_0.description,
        i1_0.is_deleted,
        i1_0.priority,
        i1_0.status,
        i1_0.title,
        i1_0.updated_at 
    from
        incident i1_0 
    order by
        i1_0.id 
    offset
        ? rows 
    fetch
        first ? rows only
Hibernate: 
    select
        i1_0.id,
        i1_0.assigned_to,
        i1_0.created_at,
        i1_0.description,
        i1_0.is_deleted,
        i1_0.priority,
        i1_0.status,
        i1_0.title,
        i1_0.updated_at 
    from
        incident i1_0 
    order by
        i1_0.id 
    offset
        ? rows 
    fetch
        first ? rows only
]]></system-out>
  </testcase>
  <testcase name="testDeleteIncident" classname="com.internship.tool.controller.IncidentControllerTest" time="0.021">
    <system-out><![CDATA[2026-05-07T20:21:53.879+05:30 DEBUG 1976 --- [           main] org.hibernate.SQL                        : 
    select
        i1_0.id,
        i1_0.assigned_to,
        i1_0.created_at,
        i1_0.description,
        i1_0.is_deleted,
        i1_0.priority,
        i1_0.status,
        i1_0.title,
        i1_0.updated_at 
    from
        incident i1_0
Hibernate: 
    select
        i1_0.id,
        i1_0.assigned_to,
        i1_0.created_at,
        i1_0.description,
        i1_0.is_deleted,
        i1_0.priority,
        i1_0.status,
        i1_0.title,
        i1_0.updated_at 
    from
        incident i1_0
2026-05-07T20:21:53.882+05:30 DEBUG 1976 --- [           main] org.hibernate.SQL                        : 
    delete 
    from
        incident 
    where
        id=?
Hibernate: 
    delete 
    from
        incident 
    where
        id=?
2026-05-07T20:21:53.884+05:30 DEBUG 1976 --- [           main] org.hibernate.SQL                        : 
    insert 
    into
        incident
        (assigned_to, created_at, description, is_deleted, priority, status, title, updated_at, id) 
    values
        (?, ?, ?, ?, ?, ?, ?, ?, ?)
Hibernate: 
    insert 
    into
        incident
        (assigned_to, created_at, description, is_deleted, priority, status, title, updated_at, id) 
    values
        (?, ?, ?, ?, ?, ?, ?, ?, ?)
2026-05-07T20:21:53.889+05:30 DEBUG 1976 --- [           main] org.hibernate.SQL                        : 
    select
        i1_0.id,
        i1_0.assigned_to,
        i1_0.created_at,
        i1_0.description,
        i1_0.is_deleted,
        i1_0.priority,
        i1_0.status,
        i1_0.title,
        i1_0.updated_at 
    from
        incident i1_0 
    where
        i1_0.id=?
Hibernate: 
    select
        i1_0.id,
        i1_0.assigned_to,
        i1_0.created_at,
        i1_0.description,
        i1_0.is_deleted,
        i1_0.priority,
        i1_0.status,
        i1_0.title,
        i1_0.updated_at 
    from
        incident i1_0 
    where
        i1_0.id=?
2026-05-07T20:21:53.892+05:30 DEBUG 1976 --- [           main] org.hibernate.SQL                        : 
    delete 
    from
        incident 
    where
        id=?
Hibernate: 
    delete 
    from
        incident 
    where
        id=?
]]></system-out>
  </testcase>
  <testcase name="testExportCsv" classname="com.internship.tool.controller.IncidentControllerTest" time="0.024">
    <system-out><![CDATA[2026-05-07T20:21:53.902+05:30 DEBUG 1976 --- [           main] org.hibernate.SQL                        : 
    select
        i1_0.id,
        i1_0.assigned_to,
        i1_0.created_at,
        i1_0.description,
        i1_0.is_deleted,
        i1_0.priority,
        i1_0.status,
        i1_0.title,
        i1_0.updated_at 
    from
        incident i1_0
Hibernate: 
    select
        i1_0.id,
        i1_0.assigned_to,
        i1_0.created_at,
        i1_0.description,
        i1_0.is_deleted,
        i1_0.priority,
        i1_0.status,
        i1_0.title,
        i1_0.updated_at 
    from
        incident i1_0
2026-05-07T20:21:53.904+05:30 DEBUG 1976 --- [           main] org.hibernate.SQL                        : 
    insert 
    into
        incident
        (assigned_to, created_at, description, is_deleted, priority, status, title, updated_at, id) 
    values
        (?, ?, ?, ?, ?, ?, ?, ?, ?)
Hibernate: 
    insert 
    into
        incident
        (assigned_to, created_at, description, is_deleted, priority, status, title, updated_at, id) 
    values
        (?, ?, ?, ?, ?, ?, ?, ?, ?)
2026-05-07T20:21:53.910+05:30 DEBUG 1976 --- [           main] org.hibernate.SQL                        : 
    select
        i1_0.id,
        i1_0.assigned_to,
        i1_0.created_at,
        i1_0.description,
        i1_0.is_deleted,
        i1_0.priority,
        i1_0.status,
        i1_0.title,
        i1_0.updated_at 
    from
        incident i1_0
Hibernate: 
    select
        i1_0.id,
        i1_0.assigned_to,
        i1_0.created_at,
        i1_0.description,
        i1_0.is_deleted,
        i1_0.priority,
        i1_0.status,
        i1_0.title,
        i1_0.updated_at 
    from
        incident i1_0
]]></system-out>
  </testcase>
</testsuite>